<?xml version="1.0" encoding="UTF-8"?>
<!-- Generated by org.testng.reporters.JUnitReportReporter -->
<testsuite hostname="LilBlue" failures="0" tests="1" name="testCases.Authentication" time="3.310" errors="0" timestamp="30 Jul 2024 03:33:49 GMT" skipped="0">
  <testcase classname="testCases.Authentication" name="generateBearerToken" time="3.310"/>
</testsuite> <!-- testCases.Authentication -->
