<?xml version="1.0" encoding="UTF-8"?>
<!-- Generated by org.testng.reporters.JUnitReportReporter -->
<testsuite hostname="LilBlue" failures="0" tests="1" name="testCases.GetAllAccounts" time="2.965" errors="0" timestamp="02 Aug 2024 05:09:26 GMT" skipped="0">
  <testcase classname="testCases.GetAllAccounts" name="getAllAccounts" time="2.965"/>
</testsuite> <!-- testCases.GetAllAccounts -->
